  ReadAndGenerate.cpp
C:\Users\boyan\Desktop\GIT\CodeDebuggers\PROJECT\PROJECT\ReadAndGenerate.h(2,6): error C2182: 'Read': this use of 'void' is not valid
C:\Users\boyan\Desktop\GIT\CodeDebuggers\PROJECT\PROJECT\ReadAndGenerate.h(2,11): error C2065: 'ifstream': undeclared identifier
C:\Users\boyan\Desktop\GIT\CodeDebuggers\PROJECT\PROJECT\ReadAndGenerate.h(2,21): error C2065: 'file': undeclared identifier
C:\Users\boyan\Desktop\GIT\CodeDebuggers\PROJECT\PROJECT\ReadAndGenerate.h(2,27): error C2065: 'string': undeclared identifier
C:\Users\boyan\Desktop\GIT\CodeDebuggers\PROJECT\PROJECT\ReadAndGenerate.h(2,34): error C2146: syntax error: missing ')' before identifier 'words'
C:\Users\boyan\Desktop\GIT\CodeDebuggers\PROJECT\PROJECT\ReadAndGenerate.h(3,27): error C4430: missing type specifier - int assumed. Note: C++ does not support default-int
C:\Users\boyan\Desktop\GIT\CodeDebuggers\PROJECT\PROJECT\ReadAndGenerate.h(3,27): error C2146: syntax error: missing ')' before identifier 'words'
C:\Users\boyan\Desktop\GIT\CodeDebuggers\PROJECT\PROJECT\ReadAndGenerate.h(3,27): error C3646: 'words': unknown override specifier
C:\Users\boyan\Desktop\GIT\CodeDebuggers\PROJECT\PROJECT\ReadAndGenerate.h(3,32): error C2059: syntax error: '['
C:\Users\boyan\Desktop\GIT\CodeDebuggers\PROJECT\PROJECT\ReadAndGenerate.h(3,33): error C3409: empty attribute block is not allowed
C:\Users\boyan\Desktop\GIT\CodeDebuggers\PROJECT\PROJECT\ReadAndGenerate.h(3,34): error C2059: syntax error: ','
C:\Users\boyan\Desktop\GIT\CodeDebuggers\PROJECT\PROJECT\ReadAndGenerate.h(3,77): error C2059: syntax error: ')'
C:\Users\boyan\Desktop\GIT\CodeDebuggers\PROJECT\PROJECT\ReadAndGenerate.cpp(6,6): error C2365: 'Read': redefinition; previous definition was 'data variable'
C:\Users\boyan\Desktop\GIT\CodeDebuggers\PROJECT\PROJECT\ReadAndGenerate.h(2): message : see declaration of 'Read'
C:\Users\boyan\Desktop\GIT\CodeDebuggers\PROJECT\PROJECT\ReadAndGenerate.cpp(19,26): warning C4553: '==': result of expression not used; did you intend '='?
  Replace.cpp
C:\Users\boyan\Desktop\GIT\CodeDebuggers\PROJECT\PROJECT\Replace.h(2,20): error C2065: 'string': undeclared identifier
C:\Users\boyan\Desktop\GIT\CodeDebuggers\PROJECT\PROJECT\Replace.h(2,27): error C2146: syntax error: missing ')' before identifier 'words'
C:\Users\boyan\Desktop\GIT\CodeDebuggers\PROJECT\PROJECT\Replace.cpp(4,5): error C2365: 'GuessTheLetter': redefinition; previous definition was 'data variable'
C:\Users\boyan\Desktop\GIT\CodeDebuggers\PROJECT\PROJECT\Replace.h(2): message : see declaration of 'GuessTheLetter'
  Welcome.cpp
  PROJECT.cpp
C:\Users\boyan\Desktop\GIT\CodeDebuggers\PROJECT\PROJECT\ReadAndGenerate.h(2,6): error C2182: 'Read': this use of 'void' is not valid
C:\Users\boyan\Desktop\GIT\CodeDebuggers\PROJECT\PROJECT\ReadAndGenerate.h(2,11): error C2065: 'ifstream': undeclared identifier
C:\Users\boyan\Desktop\GIT\CodeDebuggers\PROJECT\PROJECT\ReadAndGenerate.h(2,21): error C2065: 'file': undeclared identifier
C:\Users\boyan\Desktop\GIT\CodeDebuggers\PROJECT\PROJECT\ReadAndGenerate.h(2,27): error C2065: 'string': undeclared identifier
C:\Users\boyan\Desktop\GIT\CodeDebuggers\PROJECT\PROJECT\ReadAndGenerate.h(2,34): error C2146: syntax error: missing ')' before identifier 'words'
C:\Users\boyan\Desktop\GIT\CodeDebuggers\PROJECT\PROJECT\ReadAndGenerate.h(3,27): error C4430: missing type specifier - int assumed. Note: C++ does not support default-int
C:\Users\boyan\Desktop\GIT\CodeDebuggers\PROJECT\PROJECT\ReadAndGenerate.h(3,27): error C2146: syntax error: missing ')' before identifier 'words'
C:\Users\boyan\Desktop\GIT\CodeDebuggers\PROJECT\PROJECT\ReadAndGenerate.h(3,27): error C3646: 'words': unknown override specifier
C:\Users\boyan\Desktop\GIT\CodeDebuggers\PROJECT\PROJECT\ReadAndGenerate.h(3,32): error C2059: syntax error: '['
C:\Users\boyan\Desktop\GIT\CodeDebuggers\PROJECT\PROJECT\ReadAndGenerate.h(3,33): error C3409: empty attribute block is not allowed
C:\Users\boyan\Desktop\GIT\CodeDebuggers\PROJECT\PROJECT\ReadAndGenerate.h(3,34): error C2059: syntax error: ','
C:\Users\boyan\Desktop\GIT\CodeDebuggers\PROJECT\PROJECT\ReadAndGenerate.h(3,77): error C2059: syntax error: ')'
C:\Users\boyan\Desktop\GIT\CodeDebuggers\PROJECT\PROJECT\PROJECT.cpp(9,2): warning C4551: function call missing argument list
C:\Users\boyan\Desktop\GIT\CodeDebuggers\PROJECT\PROJECT\PROJECT.cpp(13,16): warning C4244: 'initializing': conversion from 'time_t' to 'unsigned int', possible loss of data
C:\Users\boyan\Desktop\GIT\CodeDebuggers\PROJECT\PROJECT\PROJECT.cpp(26,3): error C2064: term does not evaluate to a function taking 3 arguments
C:\Users\boyan\Desktop\GIT\CodeDebuggers\PROJECT\PROJECT\PROJECT.cpp(31,43): error C2660: 'Generate': function does not take 3 arguments
C:\Users\boyan\Desktop\GIT\CodeDebuggers\PROJECT\PROJECT\ReadAndGenerate.h(3,5): message : see declaration of 'Generate'
  Generating Code...
